<?xml version="1.0" encoding="UTF-8"?>
<!-- Generated by org.testng.reporters.JUnitReportReporter -->
<testsuite hostname="DESKTOP-1VNNIKF" failures="0" tests="1" name="tests.MyRouteTest" time="113.314" errors="0" timestamp="2024-10-12T14:27:27 PKT" skipped="0">
  <testcase classname="tests.MyRouteTest" name="testMyRouteInfo" time="113.314"/>
</testsuite> <!-- tests.MyRouteTest -->
