<?xml version="1.0" encoding="UTF-8"?>
<!-- Generated by org.testng.reporters.JUnitReportReporter -->
<testsuite hostname="DESKTOP-1VNNIKF" failures="0" tests="1" name="tests.CompletePickupShipmentTest" time="70.457" errors="0" timestamp="2024-10-05T19:27:27 PKT" skipped="0">
  <testcase classname="tests.CompletePickupShipmentTest" name="testPickupShipment" time="70.457"/>
</testsuite> <!-- tests.CompletePickupShipmentTest -->
