<?xml version="1.0" encoding="UTF-8"?>
<!-- Generated by org.testng.reporters.JUnitReportReporter -->
<testsuite hostname="DESKTOP-1VNNIKF" failures="0" tests="1" name="tests.BaseClass" time="4.169" errors="0" timestamp="2024-08-31T15:36:58 PKT" skipped="0">
  <testcase classname="tests.BaseClass" name="sampleTest" time="4.169"/>
</testsuite> <!-- tests.BaseClass -->
