<?xml version="1.0" encoding="UTF-8"?>
<!-- Generated by org.testng.reporters.JUnitReportReporter -->
<testsuite hostname="DESKTOP-1VNNIKF" failures="0" tests="1" name="tests.LoginTest" time="83.404" errors="0" timestamp="2024-09-17T15:29:10 PKT" skipped="0">
  <testcase classname="tests.LoginTest" name="login" time="83.404"/>
</testsuite> <!-- tests.LoginTest -->
