<?xml version="1.0" encoding="UTF-8"?>
<!-- Generated by org.testng.reporters.JUnitReportReporter -->
<testsuite hostname="DESKTOP-1VNNIKF" failures="0" tests="1" name="tests.LoginTest" time="25.678" errors="0" timestamp="2024-09-19T23:55:19 PKT" skipped="0">
  <testcase classname="tests.LoginTest" name="login" time="25.678"/>
</testsuite> <!-- tests.LoginTest -->
